<?xml version="1.0" encoding="UTF-8"?>
<testsuite xmlns:xsi="http://www.w3.org/2001/XMLSchema-instance" xsi:noNamespaceSchemaLocation="https://maven.apache.org/surefire/maven-surefire-plugin/xsd/surefire-test-report-3.0.xsd" version="3.0" name="org.example.Connect4Test" time="0.089" tests="5" errors="0" skipped="0" failures="0">
  <properties>
[...]
</properties>
  <testcase name="testPlaceDisc" classname="org.example.Connect4Test" time="0.048"/>
  <testcase name="testPlaceDiscFullColumn" classname="org.example.Connect4Test" time="0.0"/>
  <testcase name="testBoardInitialization" classname="org.example.Connect4Test" time="0.0"/>
  <testcase name="testPlaceDiscInvalidColumn" classname="org.example.Connect4Test" time="0.0"/>
  <testcase name="testSaveAndLoadState" classname="org.example.Connect4Test" time="0.019"/>
</testsuite>